<?xml version="1.0" encoding="UTF-8"?>
<testsuite xmlns:xsi="http://www.w3.org/2001/XMLSchema-instance" xsi:noNamespaceSchemaLocation="https://maven.apache.org/surefire/maven-surefire-plugin/xsd/surefire-test-report.xsd" name="logout.LogoutTest" time="63.311" tests="2" errors="1" skipped="0" failures="0">
  <properties>
[...]
</properties>
  <testcase name="testSuccessfulLogin" classname="logout.LogoutTest" time="41.516"/>
  <testcase name="testSuccessfulLogout" classname="logout.LogoutTest" time="21.773">
    <error message="Cannot invoke &quot;pages.LogoutPage.clickProfileButton()&quot; because &quot;this.logoutPage&quot; is null" type="java.lang.NullPointerException">java.lang.NullPointerException: Cannot invoke "pages.LogoutPage.clickProfileButton()" because "this.logoutPage" is null
	at logout.LogoutTest.testSuccessfulLogout(LogoutTest.java:23)
</error>
    <system-out><![CDATA[IMDb: Ratings, Reviews, and Where to Watch the Best Movies & TV Shows
]]></system-out>
    <system-err><![CDATA[aug. 05, 2021 2:29:05 DU. io.github.bonigarcia.wdm.WebDriverManager resolveDriverVersion
INFO: Using chromedriver 92.0.4515.107 (resolved driver for Chrome 92)
aug. 05, 2021 2:29:05 DU. io.github.bonigarcia.wdm.WebDriverManager exportDriver
INFO: Exporting webdriver.chrome.driver as /Users/YLWPanda/.cache/selenium/chromedriver/mac64/92.0.4515.107/chromedriver
Starting ChromeDriver 92.0.4515.107 (87a818b10553a07434ea9e2b6dccf3cbe7895134-refs/branch-heads/4515@{#1634}) on port 8845
Only local connections are allowed.
Please see https://chromedriver.chromium.org/security-considerations for suggestions on keeping ChromeDriver safe.
ChromeDriver was started successfully.
aug. 05, 2021 2:29:08 DU. org.openqa.selenium.remote.ProtocolHandshake createSession
INFO: Detected dialect: W3C
]]></system-err>
  </testcase>
</testsuite>